03:44:11.641 [main                     ] DEBUG Logger               - Configured Logger
03:44:11.666 [main                     ] DEBUG GameApplication      - Logging settings
Title: The Mistery of The Ruins
Version: 0.0
Width: 800
Height: 600
Fullscreen: false
Intro: false
Profiling: false
Single step:false
App Mode: DEVELOPER
Menu Key: ESCAPE
Stage Style: DECORATED
Scene Factory: class com.almasb.fxgl.app.scene.SceneFactory

03:44:12.006 [JavaFX Application Thread] DEBUG FXGLApplication      - Initializing FXGL
03:44:12.011 [JavaFX Application Thread] INFO  Engine               - FXGL-21.1 (26.03.2024 17.33) on WINDOWS (J:23 FX:25.0.1)
03:44:12.012 [JavaFX Application Thread] DEBUG Engine               - JRE Vendor Name: Oracle Corporation
03:44:12.012 [JavaFX Application Thread] DEBUG Engine               - Running on OS: Windows 11 version 10.0
03:44:12.012 [JavaFX Application Thread] DEBUG Engine               - Architecture: amd64
03:44:12.012 [JavaFX Application Thread] INFO  Engine               - Source code and latest versions at: https://github.com/AlmasB/FXGL
03:44:12.012 [JavaFX Application Thread] INFO  Engine               -       Ask questions and discuss at: https://github.com/AlmasB/FXGL/discussions
03:44:12.012 [JavaFX Application Thread] INFO  Engine               -              Join the FXGL chat at: https://gitter.im/AlmasB/FXGL
03:44:12.082 [JavaFX Application Thread] DEBUG PrimaryStageWindow   - Creating a JavaFX scene
03:44:12.125 [JavaFX Application Thread] DEBUG PrimaryStageWindow   - Target settings size: 800.0 x 600.0
03:44:12.126 [JavaFX Application Thread] DEBUG PrimaryStageWindow   - Scaled scene size:    800.0 x 600.0
03:44:12.126 [JavaFX Application Thread] DEBUG PrimaryStageWindow   - Scaled ratio: (1.0, 1.0)
03:44:12.129 [JavaFX Application Thread] DEBUG PrimaryStageWindow   - Set initial scene to FXGLStartupScene
03:44:12.131 [JavaFX Application Thread] DEBUG PrimaryStageWindow   - Opening main window
03:44:12.584 [JavaFX Application Thread] DEBUG PrimaryStageWindow   - Window border size: (14.4000244140625, 37.5999755859375)
03:44:12.588 [JavaFX Application Thread] DEBUG PrimaryStageWindow   - Scaled size: 800.0 x 600.0
03:44:12.589 [JavaFX Application Thread] DEBUG PrimaryStageWindow   - Scaled ratio: (1.0, 1.0)
03:44:12.589 [JavaFX Application Thread] DEBUG PrimaryStageWindow   - Scene size: 800.0 x 600.0
03:44:12.590 [JavaFX Application Thread] DEBUG PrimaryStageWindow   - Stage size: 814.4000244140625 x 637.5999755859375
03:44:12.609 [FXGL Background Thread 1 ] DEBUG Engine               - Initializing environment variables
03:44:12.710 [FXGL Background Thread 1 ] DEBUG FXGLAssetLoaderServi - User app class for loading assets: class Runner.MainScreen
03:44:12.711 [FXGL Background Thread 1 ] DEBUG GameApplicationServi - Applying CSS: fxgl_dark.css
03:44:12.714 [FXGL Background Thread 1 ] DEBUG FXGLAssetLoaderServi - Loading from file system: jar:file:/D:/javis/Documents/GitHub/Data-Structre-Final-Project/src/Libraries/fxgl-21.1-uber.jar!/fxglassets/ui/css/fxgl_dark.css
03:44:12.772 [FXGL Background Thread 1 ] DEBUG GameApplicationServi - Initializing application scenes
03:44:13.276 [FXGL Background Thread 1 ] DEBUG GameWorld            - Game world initialized
03:44:13.326 [FXGL Background Thread 1 ] DEBUG PhysicsWorld         - Physics world initialized: appHeight=600, physics.ppm=50.0
03:44:13.326 [FXGL Background Thread 1 ] DEBUG PhysicsWorld         - Using strategy: BRUTE_FORCE
03:44:13.331 [FXGL Background Thread 1 ] DEBUG GameScene            - Game scene initialized: 800x600
03:44:13.345 [FXGL Background Thread 1 ] DEBUG FXGL.DefaultMenu     - createMenuBodyGameMenu()
03:44:13.359 [FXGL Background Thread 1 ] DEBUG FXGL.DefaultMenu     - createOptionsMenu()
03:44:13.371 [FXGL Background Thread 1 ] DEBUG FXGLAssetLoaderServi - Loading from file system: jar:file:/D:/javis/Documents/GitHub/Data-Structre-Final-Project/src/Libraries/fxgl-21.1-uber.jar!/fxglassets/textures/particles/smoke.png
03:44:13.477 [FXGL Background Thread 1 ] DEBUG FXGLAssetLoaderServi - Loading from file system: jar:file:/D:/javis/Documents/GitHub/Data-Structre-Final-Project/src/Libraries/fxgl-21.1-uber.jar!/fxglassets/textures/particles/trace_horizontal.png
03:44:13.501 [FXGL Background Thread 1 ] DEBUG GameApplicationServi - Application scenes initialized
03:44:13.522 [FXGL Background Thread 1 ] DEBUG SystemBundleService  - Loading FXGL system data
03:44:13.525 [FXGL Background Thread 1 ] DEBUG FileSystemAccess     - Reading from: D:\javis\Documents\GitHub\Data-Structre-Final-Project\system\fxgl.bundle
03:44:13.534 [FXGL Background Thread 1 ] DEBUG SystemBundleService  - Bundle FXGL: {}
03:44:13.534 [FXGL Background Thread 1 ] DEBUG UpdaterService       - Checking for updates
03:44:13.539 [FXGL Background Thread 4 ] DEBUG FXGLApplication      - Loading fonts
03:44:13.540 [FXGL Background Thread 4 ] DEBUG FXGLAssetLoaderServi - Loading from file system: jar:file:/D:/javis/Documents/GitHub/Data-Structre-Final-Project/src/Libraries/fxgl-21.1-uber.jar!/fxglassets/ui/fonts/VarelaRound-Regular.ttf
03:44:13.540 [FXGL Background Thread 1 ] DEBUG FXGLApplication      - Loading default localization
03:44:13.541 [FXGL Background Thread 1 ] DEBUG FXGLAssetLoaderServi - Loading from file system: jar:file:/D:/javis/Documents/GitHub/Data-Structre-Final-Project/src/Libraries/fxgl-21.1-uber.jar!/fxglassets/languages/english.lang
03:44:13.570 [FXGL Background Thread 1 ] INFO  FXGLApplication      - FXGL initialization took: 0.960 sec
03:44:13.589 [JavaFX Application Thread] DEBUG Input                - Registered new binding: action0 - Up
03:44:13.590 [JavaFX Application Thread] DEBUG Input                - Registered new binding: action1 - Down
03:44:13.591 [JavaFX Application Thread] DEBUG Input                - Registered new binding: action2 - Enter
03:44:13.591 [JavaFX Application Thread] DEBUG Input                - Registered new binding: action3 - W
03:44:13.592 [JavaFX Application Thread] DEBUG Input                - Registered new binding: action4 - S
03:44:13.593 [JavaFX Application Thread] DEBUG FXGLAssetLoaderServi - Loading from file system: jar:file:/D:/javis/Documents/GitHub/Data-Structre-Final-Project/src/Libraries/fxgl-21.1-uber.jar!/fxglassets/textures/fxgl_icon.png
03:44:13.627 [JavaFX Application Thread] DEBUG FXGLAssetLoaderServi - Loading from file system: jar:file:/D:/javis/Documents/GitHub/Data-Structre-Final-Project/src/Libraries/fxgl-21.1-uber.jar!/fxglassets/textures/fxgl_default_cursor.png
03:44:13.631 [JavaFX Application Thread] DEBUG Input                - Registered new binding: Screenshot - CTRL+8
03:44:13.632 [JavaFX Application Thread] DEBUG Input                - Registered new binding: System info dump - CTRL+9
03:44:13.633 [JavaFX Application Thread] DEBUG Input                - Registered new binding: Restart - CTRL+R
03:44:13.634 [JavaFX Application Thread] DEBUG Input                - Registered new binding: Toggle Debug Camera - CTRL+7
03:44:13.640 [JavaFX Application Thread] DEBUG LoopRunner           - Starting loop
03:44:13.641 [JavaFX Application Thread] DEBUG LoopRunner           - Initializing JavaFX AnimationTimerLoop
03:44:13.647 [JavaFX Application Thread] DEBUG GameApplicationServi - Starting new game
03:44:13.648 [JavaFX Application Thread] DEBUG Input                - Clearing active input actions
03:44:13.649 [FXGL Background Thread 4 ] DEBUG FXGLAssetLoaderServi - Loading from file system: jar:file:/D:/javis/Documents/GitHub/Data-Structre-Final-Project/src/Libraries/fxgl-21.1-uber.jar!/fxglassets/ui/fonts/Abel-Regular.ttf
03:44:13.657 [FXGL Background Thread 4 ] DEBUG FXGLAssetLoaderServi - Loading from file system: jar:file:/D:/javis/Documents/GitHub/Data-Structre-Final-Project/src/Libraries/fxgl-21.1-uber.jar!/fxglassets/ui/fonts/TerminalLandMono-Regular.otf
03:44:13.665 [FXGL Background Thread 4 ] DEBUG FXGLAssetLoaderServi - Loading from file system: jar:file:/D:/javis/Documents/GitHub/Data-Structre-Final-Project/src/Libraries/fxgl-21.1-uber.jar!/fxglassets/ui/fonts/Courier-Prime.ttf
03:44:13.666 [JavaFX Application Thread] DEBUG GameApplicationServi - Removing overlay from FXGLStartupScene and adding to FXGLLoadingScene
03:44:13.667 [JavaFX Application Thread] DEBUG PrimaryStageWindow   - FXGLStartupScene -> FXGLLoadingScene
03:44:13.667 [JavaFX Application Thread] DEBUG GameApplicationServi - Clearing previous game
03:44:13.667 [JavaFX Application Thread] DEBUG GameScene            - Clearing game scene
03:44:13.667 [JavaFX Application Thread] DEBUG GameWorld            - Clearing game world
03:44:13.667 [JavaFX Application Thread] DEBUG PhysicsWorld         - Clearing physics world
03:44:13.670 [FXGL Background Thread 1 ] DEBUG FXGLApplication      - Initializing game
03:44:13.744 [JavaFX Application Thread] DEBUG FXGLApplication      - Registering font factories with UI factory
03:44:13.847 [FXGL Background Thread 1 ] INFO  FXGLApplication      - Game initialization took: 0.177 sec
03:44:14.069 [JavaFX Application Thread] DEBUG Input                - Clearing active input actions
03:44:14.095 [JavaFX Application Thread] DEBUG GameApplicationServi - Removing overlay from FXGLLoadingScene and adding to GameScene
03:44:14.095 [JavaFX Application Thread] DEBUG PrimaryStageWindow   - FXGLLoadingScene -> GameScene
03:44:16.538 [FXGL Background Thread 3 ] DEBUG Engine               - Logging environment variables
03:44:16.541 [FXGL Background Thread 3 ] DEBUG Engine               - achievements: []
03:44:16.541 [FXGL Background Thread 3 ] DEBUG Engine               - actualHeight: 600.0
03:44:16.541 [FXGL Background Thread 3 ] DEBUG Engine               - actualHeightProperty: ReadOnlyDoubleProperty [value: 600.0]
03:44:16.541 [FXGL Background Thread 3 ] DEBUG Engine               - actualWidth: 800.0
03:44:16.541 [FXGL Background Thread 3 ] DEBUG Engine               - actualWidthProperty: ReadOnlyDoubleProperty [value: 800.0]
03:44:16.541 [FXGL Background Thread 3 ] DEBUG Engine               - appIcon: fxgl_icon.png
03:44:16.541 [FXGL Background Thread 3 ] DEBUG Engine               - applicationMode: DEVELOPER
03:44:16.542 [FXGL Background Thread 3 ] DEBUG Engine               - cSSList: [fxgl_dark.css]
03:44:16.542 [FXGL Background Thread 3 ] DEBUG Engine               - collisionDetectionStrategy: BRUTE_FORCE
03:44:16.542 [FXGL Background Thread 3 ] DEBUG Engine               - configClass: Optional.empty
03:44:16.542 [FXGL Background Thread 3 ] DEBUG Engine               - credits: []
03:44:16.542 [FXGL Background Thread 3 ] DEBUG Engine               - defaultCursor: CursorInfo(imageName=fxgl_default_cursor.png, hotspotX=7.0, hotspotY=6.0)
03:44:16.543 [FXGL Background Thread 3 ] DEBUG Engine               - devBBoxColorProperty: ObjectProperty [value: 0xff0000ff]
03:44:16.544 [FXGL Background Thread 3 ] DEBUG Engine               - devEnableDebugCameraProperty: BooleanProperty [value: false]
03:44:16.544 [FXGL Background Thread 3 ] DEBUG Engine               - devSensorColorProperty: ObjectProperty [value: 0xffff00ff]
03:44:16.544 [FXGL Background Thread 3 ] DEBUG Engine               - devShowBBoxProperty: BooleanProperty [value: false]
03:44:16.544 [FXGL Background Thread 3 ] DEBUG Engine               - devShowPositionProperty: BooleanProperty [value: false]
03:44:16.544 [FXGL Background Thread 3 ] DEBUG Engine               - enabledMenuItems: []
03:44:16.545 [FXGL Background Thread 3 ] DEBUG Engine               - engineServices: [class com.almasb.fxgl.app.services.FXGLAssetLoaderService, class com.almasb.fxgl.app.FXGLApplication$GameApplicationService, class com.almasb.fxgl.app.services.FXGLDialogService, class com.almasb.fxgl.app.services.IOTaskExecutorService, class com.almasb.fxgl.io.FileSystemService, class com.almasb.fxgl.localization.LocalizationService, class com.almasb.fxgl.app.services.SystemBundleService, class com.almasb.fxgl.profile.SaveLoadService, class com.almasb.fxgl.ui.FXGLUIFactoryServiceProvider, class com.almasb.fxgl.ui.FXGLDialogFactoryServiceProvider, class com.almasb.fxgl.audio.AudioPlayer, class com.almasb.fxgl.notification.impl.NotificationServiceProvider, class com.almasb.fxgl.achievement.AchievementService, class com.almasb.fxgl.cutscene.CutsceneService, class com.almasb.fxgl.minigames.MiniGameService, class com.almasb.fxgl.net.NetService, class com.almasb.fxgl.app.services.UpdaterService, class com.almasb.fxgl.dev.DevService]
03:44:16.545 [FXGL Background Thread 3 ] DEBUG Engine               - fontGame: Abel-Regular.ttf
03:44:16.545 [FXGL Background Thread 3 ] DEBUG Engine               - fontMono: TerminalLandMono-Regular.otf
03:44:16.545 [FXGL Background Thread 3 ] DEBUG Engine               - fontSizeScaleUI: 1.0
03:44:16.545 [FXGL Background Thread 3 ] DEBUG Engine               - fontText: Courier-Prime.ttf
03:44:16.545 [FXGL Background Thread 3 ] DEBUG Engine               - fontUI: VarelaRound-Regular.ttf
03:44:16.545 [FXGL Background Thread 3 ] DEBUG Engine               - fullScreen: BooleanProperty [value: false]
03:44:16.546 [FXGL Background Thread 3 ] DEBUG Engine               - gameDifficulty: MEDIUM
03:44:16.546 [FXGL Background Thread 3 ] DEBUG Engine               - gameDifficultyProperty: ObjectProperty [value: MEDIUM]
03:44:16.546 [FXGL Background Thread 3 ] DEBUG Engine               - globalMusicVolume: 0.5
03:44:16.547 [FXGL Background Thread 3 ] DEBUG Engine               - globalMusicVolumeProperty: DoubleProperty [value: 0.5]
03:44:16.547 [FXGL Background Thread 3 ] DEBUG Engine               - globalSoundVolume: 0.5
03:44:16.548 [FXGL Background Thread 3 ] DEBUG Engine               - globalSoundVolumeProperty: DoubleProperty [value: 0.5]
03:44:16.548 [FXGL Background Thread 3 ] DEBUG Engine               - height: 600
03:44:16.548 [FXGL Background Thread 3 ] DEBUG Engine               - is3D: false
03:44:16.549 [FXGL Background Thread 3 ] DEBUG Engine               - isAndroid: false
03:44:16.549 [FXGL Background Thread 3 ] DEBUG Engine               - isBrowser: false
03:44:16.549 [FXGL Background Thread 3 ] DEBUG Engine               - isClickFeedbackEnabled: false
03:44:16.549 [FXGL Background Thread 3 ] DEBUG Engine               - isCloseConfirmation: false
03:44:16.549 [FXGL Background Thread 3 ] DEBUG Engine               - isDesktop: true
03:44:16.549 [FXGL Background Thread 3 ] DEBUG Engine               - isDeveloperMenuEnabled: false
03:44:16.549 [FXGL Background Thread 3 ] DEBUG Engine               - isEmbedded: false
03:44:16.549 [FXGL Background Thread 3 ] DEBUG Engine               - isEntityPreloadEnabled: true
03:44:16.550 [FXGL Background Thread 3 ] DEBUG Engine               - isExperimentalTiledLargeMap: false
03:44:16.550 [FXGL Background Thread 3 ] DEBUG Engine               - isFileSystemWriteAllowed: true
03:44:16.550 [FXGL Background Thread 3 ] DEBUG Engine               - isFullScreenAllowed: false
03:44:16.551 [FXGL Background Thread 3 ] DEBUG Engine               - isFullScreenFromStart: false
03:44:16.551 [FXGL Background Thread 3 ] DEBUG Engine               - isGameMenuEnabled: true
03:44:16.551 [FXGL Background Thread 3 ] DEBUG Engine               - isIOS: false
03:44:16.552 [FXGL Background Thread 3 ] DEBUG Engine               - isIntroEnabled: false
03:44:16.552 [FXGL Background Thread 3 ] DEBUG Engine               - isLinux: false
03:44:16.552 [FXGL Background Thread 3 ] DEBUG Engine               - isMac: false
03:44:16.553 [FXGL Background Thread 3 ] DEBUG Engine               - isMainMenuEnabled: false
03:44:16.553 [FXGL Background Thread 3 ] DEBUG Engine               - isManualResizeEnabled: false
03:44:16.553 [FXGL Background Thread 3 ] DEBUG Engine               - isMobile: false
03:44:16.554 [FXGL Background Thread 3 ] DEBUG Engine               - isNative: false
03:44:16.554 [FXGL Background Thread 3 ] DEBUG Engine               - isPauseMusicWhenMinimized: true
03:44:16.555 [FXGL Background Thread 3 ] DEBUG Engine               - isPreserveResizeRatio: false
03:44:16.555 [FXGL Background Thread 3 ] DEBUG Engine               - isProfilingEnabled: false
03:44:16.555 [FXGL Background Thread 3 ] DEBUG Engine               - isScaleAffectedOnResize: true
03:44:16.555 [FXGL Background Thread 3 ] DEBUG Engine               - isSingleStep: false
03:44:16.555 [FXGL Background Thread 3 ] DEBUG Engine               - isUserProfileEnabled: false
03:44:16.556 [FXGL Background Thread 3 ] DEBUG Engine               - isWindows: true
03:44:16.556 [FXGL Background Thread 3 ] DEBUG Engine               - language: ObjectProperty [value: ENGLISH]
03:44:16.557 [FXGL Background Thread 3 ] DEBUG Engine               - menuKey: ESCAPE
03:44:16.557 [FXGL Background Thread 3 ] DEBUG Engine               - mouseSensitivity: 0.2
03:44:16.557 [FXGL Background Thread 3 ] DEBUG Engine               - notificationViewClass: class com.almasb.fxgl.notification.view.XboxNotificationView
03:44:16.557 [FXGL Background Thread 3 ] DEBUG Engine               - pixelsPerMeter: 50.0
03:44:16.558 [FXGL Background Thread 3 ] DEBUG Engine               - platform: WINDOWS
03:44:16.558 [FXGL Background Thread 3 ] DEBUG Engine               - prefHeightProperty: ReadOnlyDoubleProperty [value: 600.0]
03:44:16.558 [FXGL Background Thread 3 ] DEBUG Engine               - prefWidthProperty: ReadOnlyDoubleProperty [value: 800.0]
03:44:16.558 [FXGL Background Thread 3 ] DEBUG Engine               - profileDir: profiles/
03:44:16.559 [FXGL Background Thread 3 ] DEBUG Engine               - profileName: StringProperty [value: DEFAULT]
03:44:16.559 [FXGL Background Thread 3 ] DEBUG Engine               - randomSeed: -1
03:44:16.560 [FXGL Background Thread 3 ] DEBUG Engine               - runtimeInfo: RuntimeInfo(platform=WINDOWS, version=21.1, build=26.03.2024 17.33)
03:44:16.560 [FXGL Background Thread 3 ] DEBUG Engine               - saveFileExt: sav
03:44:16.560 [FXGL Background Thread 3 ] DEBUG Engine               - scaledHeightProp$fxgl: DoubleProperty [bound, value: 600.0]
03:44:16.561 [FXGL Background Thread 3 ] DEBUG Engine               - scaledWidthProp$fxgl: DoubleProperty [bound, value: 800.0]
03:44:16.561 [FXGL Background Thread 3 ] DEBUG Engine               - sceneFactory: com.almasb.fxgl.app.scene.SceneFactory@6baefbc9
03:44:16.561 [FXGL Background Thread 3 ] DEBUG Engine               - secondsIn24h: 60
03:44:16.561 [FXGL Background Thread 3 ] DEBUG Engine               - soundMenuBack: menu/back.wav
03:44:16.561 [FXGL Background Thread 3 ] DEBUG Engine               - soundMenuPress: menu/press.wav
03:44:16.562 [FXGL Background Thread 3 ] DEBUG Engine               - soundMenuSelect: menu/select.wav
03:44:16.562 [FXGL Background Thread 3 ] DEBUG Engine               - soundNotification: core/notification.wav
03:44:16.562 [FXGL Background Thread 3 ] DEBUG Engine               - stageStyle: DECORATED
03:44:16.562 [FXGL Background Thread 3 ] DEBUG Engine               - supportedLanguages: [ENGLISH, FRENCH, GERMAN, HUNGARIAN, RUSSIAN]
03:44:16.562 [FXGL Background Thread 3 ] DEBUG Engine               - ticksPerSecond: -1
03:44:16.563 [FXGL Background Thread 3 ] DEBUG Engine               - title: The Mistery of The Ruins
03:44:16.563 [FXGL Background Thread 3 ] DEBUG Engine               - urlGithub: https://github.com/AlmasB/FXGL
03:44:16.563 [FXGL Background Thread 3 ] DEBUG Engine               - urlLeaderboard: http://fxgl-top.herokuapp.com/
03:44:16.564 [FXGL Background Thread 3 ] DEBUG Engine               - urlPOM: https://raw.githubusercontent.com/AlmasB/FXGL/release/README.md
03:44:16.564 [FXGL Background Thread 3 ] DEBUG Engine               - userAppClass: class Runner.MainScreen
03:44:16.564 [FXGL Background Thread 3 ] DEBUG Engine               - version: 0.0
03:44:16.564 [FXGL Background Thread 3 ] DEBUG Engine               - versionCheckDays: 7
03:44:16.564 [FXGL Background Thread 3 ] DEBUG Engine               - width: 800
03:44:16.564 [FXGL Background Thread 3 ] DEBUG Engine               - Logging services
03:44:16.565 [FXGL Background Thread 3 ] DEBUG Engine               - class com.almasb.fxgl.app.services.FXGLAssetLoaderService
03:44:16.565 [FXGL Background Thread 3 ] DEBUG Engine               - class com.almasb.fxgl.app.FXGLApplication$GameApplicationService
03:44:16.565 [FXGL Background Thread 3 ] DEBUG Engine               - class com.almasb.fxgl.app.services.FXGLDialogService
03:44:16.565 [FXGL Background Thread 3 ] DEBUG Engine               - class com.almasb.fxgl.app.services.IOTaskExecutorService
03:44:16.565 [FXGL Background Thread 3 ] DEBUG Engine               - class com.almasb.fxgl.io.FileSystemService
03:44:16.565 [FXGL Background Thread 3 ] DEBUG Engine               - class com.almasb.fxgl.localization.LocalizationService
03:44:16.565 [FXGL Background Thread 3 ] DEBUG Engine               - class com.almasb.fxgl.app.services.SystemBundleService
03:44:16.565 [FXGL Background Thread 3 ] DEBUG Engine               - class com.almasb.fxgl.profile.SaveLoadService
03:44:16.565 [FXGL Background Thread 3 ] DEBUG Engine               - class com.almasb.fxgl.ui.FXGLUIFactoryServiceProvider
03:44:16.565 [FXGL Background Thread 3 ] DEBUG Engine               - class com.almasb.fxgl.ui.FXGLDialogFactoryServiceProvider
03:44:16.565 [FXGL Background Thread 3 ] DEBUG Engine               - class com.almasb.fxgl.audio.AudioPlayer
03:44:16.566 [FXGL Background Thread 3 ] DEBUG Engine               - class com.almasb.fxgl.notification.impl.NotificationServiceProvider
03:44:16.566 [FXGL Background Thread 3 ] DEBUG Engine               - class com.almasb.fxgl.achievement.AchievementService
03:44:16.566 [FXGL Background Thread 3 ] DEBUG Engine               - class com.almasb.fxgl.cutscene.CutsceneService
03:44:16.566 [FXGL Background Thread 3 ] DEBUG Engine               - class com.almasb.fxgl.minigames.MiniGameService
03:44:16.566 [FXGL Background Thread 3 ] DEBUG Engine               - class com.almasb.fxgl.net.NetService
03:44:16.566 [FXGL Background Thread 3 ] DEBUG Engine               - class com.almasb.fxgl.app.services.UpdaterService
03:44:16.566 [FXGL Background Thread 3 ] DEBUG Engine               - class com.almasb.fxgl.dev.DevService
03:44:23.079 [JavaFX Application Thread] DEBUG FXGLApplication      - Exiting FXGL
03:44:23.080 [JavaFX Application Thread] DEBUG LoopRunner           - Stopping loop
03:44:23.080 [JavaFX Application Thread] DEBUG SystemBundleService  - Saving FXGL system data
03:44:23.084 [JavaFX Application Thread] DEBUG FileSystemAccess     - Writing to: D:\javis\Documents\GitHub\Data-Structre-Final-Project\system\fxgl.bundle
03:44:23.089 [JavaFX Application Thread] DEBUG Async                - Shutting down background threads
03:44:23.090 [JavaFX Application Thread] DEBUG PrimaryStageWindow   - Closing main window
03:44:23.143 [JavaFX Application Thread] DEBUG Logger               - Closing Logger
