03:33:47.793 [main                     ] DEBUG Logger               - Configured Logger
03:33:47.804 [main                     ] DEBUG GameApplication      - Logging settings
Title: The Mistery of The Ruins
Version: 0.0
Width: 800
Height: 600
Fullscreen: false
Intro: false
Profiling: false
Single step:false
App Mode: DEVELOPER
Menu Key: ESCAPE
Stage Style: DECORATED
Scene Factory: class com.almasb.fxgl.app.scene.SceneFactory

03:33:48.101 [JavaFX Application Thread] DEBUG FXGLApplication      - Initializing FXGL
03:33:48.104 [JavaFX Application Thread] INFO  Engine               - FXGL-21.1 (26.03.2024 17.33) on WINDOWS (J:23 FX:25.0.1)
03:33:48.105 [JavaFX Application Thread] DEBUG Engine               - JRE Vendor Name: Oracle Corporation
03:33:48.105 [JavaFX Application Thread] DEBUG Engine               - Running on OS: Windows 11 version 10.0
03:33:48.105 [JavaFX Application Thread] DEBUG Engine               - Architecture: amd64
03:33:48.105 [JavaFX Application Thread] INFO  Engine               - Source code and latest versions at: https://github.com/AlmasB/FXGL
03:33:48.105 [JavaFX Application Thread] INFO  Engine               -       Ask questions and discuss at: https://github.com/AlmasB/FXGL/discussions
03:33:48.105 [JavaFX Application Thread] INFO  Engine               -              Join the FXGL chat at: https://gitter.im/AlmasB/FXGL
03:33:48.176 [JavaFX Application Thread] DEBUG PrimaryStageWindow   - Creating a JavaFX scene
03:33:48.213 [JavaFX Application Thread] DEBUG PrimaryStageWindow   - Target settings size: 800.0 x 600.0
03:33:48.213 [JavaFX Application Thread] DEBUG PrimaryStageWindow   - Scaled scene size:    800.0 x 600.0
03:33:48.213 [JavaFX Application Thread] DEBUG PrimaryStageWindow   - Scaled ratio: (1.0, 1.0)
03:33:48.214 [JavaFX Application Thread] DEBUG PrimaryStageWindow   - Set initial scene to FXGLStartupScene
03:33:48.218 [JavaFX Application Thread] DEBUG PrimaryStageWindow   - Opening main window
03:33:48.482 [JavaFX Application Thread] DEBUG PrimaryStageWindow   - Window border size: (14.4000244140625, 37.5999755859375)
03:33:48.482 [JavaFX Application Thread] DEBUG PrimaryStageWindow   - Scaled size: 800.0 x 600.0
03:33:48.482 [JavaFX Application Thread] DEBUG PrimaryStageWindow   - Scaled ratio: (1.0, 1.0)
03:33:48.482 [JavaFX Application Thread] DEBUG PrimaryStageWindow   - Scene size: 800.0 x 600.0
03:33:48.482 [JavaFX Application Thread] DEBUG PrimaryStageWindow   - Stage size: 814.4000244140625 x 637.5999755859375
03:33:48.491 [FXGL Background Thread 1 ] DEBUG Engine               - Initializing environment variables
03:33:48.552 [FXGL Background Thread 1 ] DEBUG FXGLAssetLoaderServi - User app class for loading assets: class Runner.MainScreen
03:33:48.553 [FXGL Background Thread 1 ] DEBUG GameApplicationServi - Applying CSS: fxgl_dark.css
03:33:48.556 [FXGL Background Thread 1 ] DEBUG FXGLAssetLoaderServi - Loading from file system: jar:file:/D:/javis/Documents/GitHub/Data-Structre-Final-Project/src/Libraries/fxgl-21.1-uber.jar!/fxglassets/ui/css/fxgl_dark.css
03:33:48.613 [FXGL Background Thread 1 ] DEBUG GameApplicationServi - Initializing application scenes
03:33:48.981 [FXGL Background Thread 1 ] DEBUG GameWorld            - Game world initialized
03:33:49.025 [FXGL Background Thread 1 ] DEBUG PhysicsWorld         - Physics world initialized: appHeight=600, physics.ppm=50.0
03:33:49.025 [FXGL Background Thread 1 ] DEBUG PhysicsWorld         - Using strategy: BRUTE_FORCE
03:33:49.029 [FXGL Background Thread 1 ] DEBUG GameScene            - Game scene initialized: 800x600
03:33:49.040 [FXGL Background Thread 1 ] DEBUG FXGL.DefaultMenu     - createMenuBodyGameMenu()
03:33:49.053 [FXGL Background Thread 1 ] DEBUG FXGL.DefaultMenu     - createOptionsMenu()
03:33:49.065 [FXGL Background Thread 1 ] DEBUG FXGLAssetLoaderServi - Loading from file system: jar:file:/D:/javis/Documents/GitHub/Data-Structre-Final-Project/src/Libraries/fxgl-21.1-uber.jar!/fxglassets/textures/particles/smoke.png
03:33:49.169 [FXGL Background Thread 1 ] DEBUG FXGLAssetLoaderServi - Loading from file system: jar:file:/D:/javis/Documents/GitHub/Data-Structre-Final-Project/src/Libraries/fxgl-21.1-uber.jar!/fxglassets/textures/particles/trace_horizontal.png
03:33:49.197 [FXGL Background Thread 1 ] DEBUG GameApplicationServi - Application scenes initialized
03:33:49.212 [FXGL Background Thread 1 ] DEBUG SystemBundleService  - Loading FXGL system data
03:33:49.215 [FXGL Background Thread 1 ] DEBUG FileSystemAccess     - Reading from: D:\javis\Documents\GitHub\Data-Structre-Final-Project\system\fxgl.bundle
03:33:49.224 [FXGL Background Thread 1 ] DEBUG SystemBundleService  - Bundle FXGL: {}
03:33:49.224 [FXGL Background Thread 1 ] DEBUG UpdaterService       - Checking for updates
03:33:49.232 [FXGL Background Thread 4 ] DEBUG FXGLApplication      - Loading fonts
03:33:49.233 [FXGL Background Thread 4 ] DEBUG FXGLAssetLoaderServi - Loading from file system: jar:file:/D:/javis/Documents/GitHub/Data-Structre-Final-Project/src/Libraries/fxgl-21.1-uber.jar!/fxglassets/ui/fonts/VarelaRound-Regular.ttf
03:33:49.234 [FXGL Background Thread 1 ] DEBUG FXGLAssetLoaderServi - Loading from file system: jar:file:/D:/javis/Documents/GitHub/Data-Structre-Final-Project/src/Libraries/fxgl-21.1-uber.jar!/fxglassets/languages/english.lang
03:33:49.256 [FXGL Background Thread 1 ] INFO  FXGLApplication      - FXGL initialization took: 0.765 sec
03:33:49.273 [JavaFX Application Thread] DEBUG Input                - Registered new binding: action0 - Up
03:33:49.273 [JavaFX Application Thread] DEBUG Input                - Registered new binding: action1 - Down
03:33:49.274 [JavaFX Application Thread] DEBUG Input                - Registered new binding: action2 - Enter
03:33:49.275 [JavaFX Application Thread] DEBUG Input                - Registered new binding: action3 - W
03:33:49.276 [JavaFX Application Thread] DEBUG Input                - Registered new binding: action4 - S
03:33:49.278 [JavaFX Application Thread] DEBUG FXGLAssetLoaderServi - Loading from file system: jar:file:/D:/javis/Documents/GitHub/Data-Structre-Final-Project/src/Libraries/fxgl-21.1-uber.jar!/fxglassets/textures/fxgl_icon.png
03:33:49.300 [JavaFX Application Thread] DEBUG FXGLAssetLoaderServi - Loading from file system: jar:file:/D:/javis/Documents/GitHub/Data-Structre-Final-Project/src/Libraries/fxgl-21.1-uber.jar!/fxglassets/textures/fxgl_default_cursor.png
03:33:49.307 [JavaFX Application Thread] DEBUG Input                - Registered new binding: Screenshot - CTRL+8
03:33:49.308 [JavaFX Application Thread] DEBUG Input                - Registered new binding: System info dump - CTRL+9
03:33:49.309 [JavaFX Application Thread] DEBUG Input                - Registered new binding: Restart - CTRL+R
03:33:49.311 [JavaFX Application Thread] DEBUG Input                - Registered new binding: Toggle Debug Camera - CTRL+7
03:33:49.318 [JavaFX Application Thread] DEBUG LoopRunner           - Starting loop
03:33:49.318 [JavaFX Application Thread] DEBUG LoopRunner           - Initializing JavaFX AnimationTimerLoop
03:33:49.323 [JavaFX Application Thread] DEBUG GameApplicationServi - Starting new game
03:33:49.324 [JavaFX Application Thread] DEBUG Input                - Clearing active input actions
03:33:49.333 [FXGL Background Thread 4 ] DEBUG FXGLAssetLoaderServi - Loading from file system: jar:file:/D:/javis/Documents/GitHub/Data-Structre-Final-Project/src/Libraries/fxgl-21.1-uber.jar!/fxglassets/ui/fonts/Abel-Regular.ttf
03:33:49.339 [FXGL Background Thread 4 ] DEBUG FXGLAssetLoaderServi - Loading from file system: jar:file:/D:/javis/Documents/GitHub/Data-Structre-Final-Project/src/Libraries/fxgl-21.1-uber.jar!/fxglassets/ui/fonts/TerminalLandMono-Regular.otf
03:33:49.342 [JavaFX Application Thread] DEBUG GameApplicationServi - Removing overlay from FXGLStartupScene and adding to FXGLLoadingScene
03:33:49.342 [JavaFX Application Thread] DEBUG PrimaryStageWindow   - FXGLStartupScene -> FXGLLoadingScene
03:33:49.342 [JavaFX Application Thread] DEBUG GameApplicationServi - Clearing previous game
03:33:49.342 [JavaFX Application Thread] DEBUG GameScene            - Clearing game scene
03:33:49.342 [JavaFX Application Thread] DEBUG GameWorld            - Clearing game world
03:33:49.343 [JavaFX Application Thread] DEBUG PhysicsWorld         - Clearing physics world
03:33:49.347 [FXGL Background Thread 1 ] DEBUG FXGLApplication      - Initializing game
03:33:49.348 [FXGL Background Thread 4 ] DEBUG FXGLAssetLoaderServi - Loading from file system: jar:file:/D:/javis/Documents/GitHub/Data-Structre-Final-Project/src/Libraries/fxgl-21.1-uber.jar!/fxglassets/ui/fonts/Courier-Prime.ttf
03:33:49.438 [JavaFX Application Thread] DEBUG FXGLApplication      - Registering font factories with UI factory
03:33:49.542 [FXGL Background Thread 1 ] INFO  FXGLApplication      - Game initialization took: 0.195 sec
03:33:49.695 [JavaFX Application Thread] DEBUG Input                - Clearing active input actions
03:33:49.714 [JavaFX Application Thread] DEBUG GameApplicationServi - Removing overlay from FXGLLoadingScene and adding to GameScene
03:33:49.715 [JavaFX Application Thread] DEBUG PrimaryStageWindow   - FXGLLoadingScene -> GameScene
03:33:52.230 [FXGL Background Thread 3 ] DEBUG Engine               - Logging environment variables
03:33:52.231 [FXGL Background Thread 3 ] DEBUG Engine               - achievements: []
03:33:52.231 [FXGL Background Thread 3 ] DEBUG Engine               - actualHeight: 600.0
03:33:52.231 [FXGL Background Thread 3 ] DEBUG Engine               - actualHeightProperty: ReadOnlyDoubleProperty [value: 600.0]
03:33:52.231 [FXGL Background Thread 3 ] DEBUG Engine               - actualWidth: 800.0
03:33:52.231 [FXGL Background Thread 3 ] DEBUG Engine               - actualWidthProperty: ReadOnlyDoubleProperty [value: 800.0]
03:33:52.231 [FXGL Background Thread 3 ] DEBUG Engine               - appIcon: fxgl_icon.png
03:33:52.232 [FXGL Background Thread 3 ] DEBUG Engine               - applicationMode: DEVELOPER
03:33:52.232 [FXGL Background Thread 3 ] DEBUG Engine               - cSSList: [fxgl_dark.css]
03:33:52.232 [FXGL Background Thread 3 ] DEBUG Engine               - collisionDetectionStrategy: BRUTE_FORCE
03:33:52.232 [FXGL Background Thread 3 ] DEBUG Engine               - configClass: Optional.empty
03:33:52.232 [FXGL Background Thread 3 ] DEBUG Engine               - credits: []
03:33:52.233 [FXGL Background Thread 3 ] DEBUG Engine               - defaultCursor: CursorInfo(imageName=fxgl_default_cursor.png, hotspotX=7.0, hotspotY=6.0)
03:33:52.233 [FXGL Background Thread 3 ] DEBUG Engine               - devBBoxColorProperty: ObjectProperty [value: 0xff0000ff]
03:33:52.233 [FXGL Background Thread 3 ] DEBUG Engine               - devEnableDebugCameraProperty: BooleanProperty [value: false]
03:33:52.233 [FXGL Background Thread 3 ] DEBUG Engine               - devSensorColorProperty: ObjectProperty [value: 0xffff00ff]
03:33:52.233 [FXGL Background Thread 3 ] DEBUG Engine               - devShowBBoxProperty: BooleanProperty [value: false]
03:33:52.234 [FXGL Background Thread 3 ] DEBUG Engine               - devShowPositionProperty: BooleanProperty [value: false]
03:33:52.234 [FXGL Background Thread 3 ] DEBUG Engine               - enabledMenuItems: []
03:33:52.234 [FXGL Background Thread 3 ] DEBUG Engine               - engineServices: [class com.almasb.fxgl.app.services.FXGLAssetLoaderService, class com.almasb.fxgl.app.FXGLApplication$GameApplicationService, class com.almasb.fxgl.app.services.FXGLDialogService, class com.almasb.fxgl.app.services.IOTaskExecutorService, class com.almasb.fxgl.io.FileSystemService, class com.almasb.fxgl.localization.LocalizationService, class com.almasb.fxgl.app.services.SystemBundleService, class com.almasb.fxgl.profile.SaveLoadService, class com.almasb.fxgl.ui.FXGLUIFactoryServiceProvider, class com.almasb.fxgl.ui.FXGLDialogFactoryServiceProvider, class com.almasb.fxgl.audio.AudioPlayer, class com.almasb.fxgl.notification.impl.NotificationServiceProvider, class com.almasb.fxgl.achievement.AchievementService, class com.almasb.fxgl.cutscene.CutsceneService, class com.almasb.fxgl.minigames.MiniGameService, class com.almasb.fxgl.net.NetService, class com.almasb.fxgl.app.services.UpdaterService, class com.almasb.fxgl.dev.DevService]
03:33:52.234 [FXGL Background Thread 3 ] DEBUG Engine               - fontGame: Abel-Regular.ttf
03:33:52.234 [FXGL Background Thread 3 ] DEBUG Engine               - fontMono: TerminalLandMono-Regular.otf
03:33:52.234 [FXGL Background Thread 3 ] DEBUG Engine               - fontSizeScaleUI: 1.0
03:33:52.234 [FXGL Background Thread 3 ] DEBUG Engine               - fontText: Courier-Prime.ttf
03:33:52.234 [FXGL Background Thread 3 ] DEBUG Engine               - fontUI: VarelaRound-Regular.ttf
03:33:52.234 [FXGL Background Thread 3 ] DEBUG Engine               - fullScreen: BooleanProperty [value: false]
03:33:52.235 [FXGL Background Thread 3 ] DEBUG Engine               - gameDifficulty: MEDIUM
03:33:52.235 [FXGL Background Thread 3 ] DEBUG Engine               - gameDifficultyProperty: ObjectProperty [value: MEDIUM]
03:33:52.236 [FXGL Background Thread 3 ] DEBUG Engine               - globalMusicVolume: 0.5
03:33:52.236 [FXGL Background Thread 3 ] DEBUG Engine               - globalMusicVolumeProperty: DoubleProperty [value: 0.5]
03:33:52.236 [FXGL Background Thread 3 ] DEBUG Engine               - globalSoundVolume: 0.5
03:33:52.236 [FXGL Background Thread 3 ] DEBUG Engine               - globalSoundVolumeProperty: DoubleProperty [value: 0.5]
03:33:52.236 [FXGL Background Thread 3 ] DEBUG Engine               - height: 600
03:33:52.237 [FXGL Background Thread 3 ] DEBUG Engine               - is3D: false
03:33:52.237 [FXGL Background Thread 3 ] DEBUG Engine               - isAndroid: false
03:33:52.237 [FXGL Background Thread 3 ] DEBUG Engine               - isBrowser: false
03:33:52.237 [FXGL Background Thread 3 ] DEBUG Engine               - isClickFeedbackEnabled: false
03:33:52.237 [FXGL Background Thread 3 ] DEBUG Engine               - isCloseConfirmation: false
03:33:52.237 [FXGL Background Thread 3 ] DEBUG Engine               - isDesktop: true
03:33:52.237 [FXGL Background Thread 3 ] DEBUG Engine               - isDeveloperMenuEnabled: false
03:33:52.237 [FXGL Background Thread 3 ] DEBUG Engine               - isEmbedded: false
03:33:52.237 [FXGL Background Thread 3 ] DEBUG Engine               - isEntityPreloadEnabled: true
03:33:52.237 [FXGL Background Thread 3 ] DEBUG Engine               - isExperimentalTiledLargeMap: false
03:33:52.237 [FXGL Background Thread 3 ] DEBUG Engine               - isFileSystemWriteAllowed: true
03:33:52.237 [FXGL Background Thread 3 ] DEBUG Engine               - isFullScreenAllowed: false
03:33:52.237 [FXGL Background Thread 3 ] DEBUG Engine               - isFullScreenFromStart: false
03:33:52.237 [FXGL Background Thread 3 ] DEBUG Engine               - isGameMenuEnabled: true
03:33:52.237 [FXGL Background Thread 3 ] DEBUG Engine               - isIOS: false
03:33:52.237 [FXGL Background Thread 3 ] DEBUG Engine               - isIntroEnabled: false
03:33:52.237 [FXGL Background Thread 3 ] DEBUG Engine               - isLinux: false
03:33:52.237 [FXGL Background Thread 3 ] DEBUG Engine               - isMac: false
03:33:52.237 [FXGL Background Thread 3 ] DEBUG Engine               - isMainMenuEnabled: false
03:33:52.237 [FXGL Background Thread 3 ] DEBUG Engine               - isManualResizeEnabled: false
03:33:52.237 [FXGL Background Thread 3 ] DEBUG Engine               - isMobile: false
03:33:52.238 [FXGL Background Thread 3 ] DEBUG Engine               - isNative: false
03:33:52.238 [FXGL Background Thread 3 ] DEBUG Engine               - isPauseMusicWhenMinimized: true
03:33:52.238 [FXGL Background Thread 3 ] DEBUG Engine               - isPreserveResizeRatio: false
03:33:52.238 [FXGL Background Thread 3 ] DEBUG Engine               - isProfilingEnabled: false
03:33:52.238 [FXGL Background Thread 3 ] DEBUG Engine               - isScaleAffectedOnResize: true
03:33:52.238 [FXGL Background Thread 3 ] DEBUG Engine               - isSingleStep: false
03:33:52.238 [FXGL Background Thread 3 ] DEBUG Engine               - isUserProfileEnabled: false
03:33:52.238 [FXGL Background Thread 3 ] DEBUG Engine               - isWindows: true
03:33:52.238 [FXGL Background Thread 3 ] DEBUG Engine               - language: ObjectProperty [value: ENGLISH]
03:33:52.238 [FXGL Background Thread 3 ] DEBUG Engine               - menuKey: ESCAPE
03:33:52.238 [FXGL Background Thread 3 ] DEBUG Engine               - mouseSensitivity: 0.2
03:33:52.238 [FXGL Background Thread 3 ] DEBUG Engine               - notificationViewClass: class com.almasb.fxgl.notification.view.XboxNotificationView
03:33:52.238 [FXGL Background Thread 3 ] DEBUG Engine               - pixelsPerMeter: 50.0
03:33:52.238 [FXGL Background Thread 3 ] DEBUG Engine               - platform: WINDOWS
03:33:52.238 [FXGL Background Thread 3 ] DEBUG Engine               - prefHeightProperty: ReadOnlyDoubleProperty [value: 600.0]
03:33:52.238 [FXGL Background Thread 3 ] DEBUG Engine               - prefWidthProperty: ReadOnlyDoubleProperty [value: 800.0]
03:33:52.238 [FXGL Background Thread 3 ] DEBUG Engine               - profileDir: profiles/
03:33:52.238 [FXGL Background Thread 3 ] DEBUG Engine               - profileName: StringProperty [value: DEFAULT]
03:33:52.238 [FXGL Background Thread 3 ] DEBUG Engine               - randomSeed: -1
03:33:52.238 [FXGL Background Thread 3 ] DEBUG Engine               - runtimeInfo: RuntimeInfo(platform=WINDOWS, version=21.1, build=26.03.2024 17.33)
03:33:52.239 [FXGL Background Thread 3 ] DEBUG Engine               - saveFileExt: sav
03:33:52.239 [FXGL Background Thread 3 ] DEBUG Engine               - scaledHeightProp$fxgl: DoubleProperty [bound, value: 600.0]
03:33:52.239 [FXGL Background Thread 3 ] DEBUG Engine               - scaledWidthProp$fxgl: DoubleProperty [bound, value: 800.0]
03:33:52.239 [FXGL Background Thread 3 ] DEBUG Engine               - sceneFactory: com.almasb.fxgl.app.scene.SceneFactory@2fefe437
03:33:52.239 [FXGL Background Thread 3 ] DEBUG Engine               - secondsIn24h: 60
03:33:52.239 [FXGL Background Thread 3 ] DEBUG Engine               - soundMenuBack: menu/back.wav
03:33:52.239 [FXGL Background Thread 3 ] DEBUG Engine               - soundMenuPress: menu/press.wav
03:33:52.239 [FXGL Background Thread 3 ] DEBUG Engine               - soundMenuSelect: menu/select.wav
03:33:52.239 [FXGL Background Thread 3 ] DEBUG Engine               - soundNotification: core/notification.wav
03:33:52.239 [FXGL Background Thread 3 ] DEBUG Engine               - stageStyle: DECORATED
03:33:52.239 [FXGL Background Thread 3 ] DEBUG Engine               - supportedLanguages: [ENGLISH, FRENCH, GERMAN, HUNGARIAN, RUSSIAN]
03:33:52.239 [FXGL Background Thread 3 ] DEBUG Engine               - ticksPerSecond: -1
03:33:52.239 [FXGL Background Thread 3 ] DEBUG Engine               - title: The Mistery of The Ruins
03:33:52.239 [FXGL Background Thread 3 ] DEBUG Engine               - urlGithub: https://github.com/AlmasB/FXGL
03:33:52.239 [FXGL Background Thread 3 ] DEBUG Engine               - urlLeaderboard: http://fxgl-top.herokuapp.com/
03:33:52.239 [FXGL Background Thread 3 ] DEBUG Engine               - urlPOM: https://raw.githubusercontent.com/AlmasB/FXGL/release/README.md
03:33:52.239 [FXGL Background Thread 3 ] DEBUG Engine               - userAppClass: class Runner.MainScreen
03:33:52.239 [FXGL Background Thread 3 ] DEBUG Engine               - version: 0.0
03:33:52.239 [FXGL Background Thread 3 ] DEBUG Engine               - versionCheckDays: 7
03:33:52.239 [FXGL Background Thread 3 ] DEBUG Engine               - width: 800
03:33:52.239 [FXGL Background Thread 3 ] DEBUG Engine               - Logging services
03:33:52.239 [FXGL Background Thread 3 ] DEBUG Engine               - class com.almasb.fxgl.app.services.FXGLAssetLoaderService
03:33:52.239 [FXGL Background Thread 3 ] DEBUG Engine               - class com.almasb.fxgl.app.FXGLApplication$GameApplicationService
03:33:52.240 [FXGL Background Thread 3 ] DEBUG Engine               - class com.almasb.fxgl.app.services.FXGLDialogService
03:33:52.240 [FXGL Background Thread 3 ] DEBUG Engine               - class com.almasb.fxgl.app.services.IOTaskExecutorService
03:33:52.240 [FXGL Background Thread 3 ] DEBUG Engine               - class com.almasb.fxgl.io.FileSystemService
03:33:52.240 [FXGL Background Thread 3 ] DEBUG Engine               - class com.almasb.fxgl.localization.LocalizationService
03:33:52.240 [FXGL Background Thread 3 ] DEBUG Engine               - class com.almasb.fxgl.app.services.SystemBundleService
03:33:52.240 [FXGL Background Thread 3 ] DEBUG Engine               - class com.almasb.fxgl.profile.SaveLoadService
03:33:52.240 [FXGL Background Thread 3 ] DEBUG Engine               - class com.almasb.fxgl.ui.FXGLUIFactoryServiceProvider
03:33:52.240 [FXGL Background Thread 3 ] DEBUG Engine               - class com.almasb.fxgl.ui.FXGLDialogFactoryServiceProvider
03:33:52.240 [FXGL Background Thread 3 ] DEBUG Engine               - class com.almasb.fxgl.audio.AudioPlayer
03:33:52.240 [FXGL Background Thread 3 ] DEBUG Engine               - class com.almasb.fxgl.notification.impl.NotificationServiceProvider
03:33:52.240 [FXGL Background Thread 3 ] DEBUG Engine               - class com.almasb.fxgl.achievement.AchievementService
03:33:52.240 [FXGL Background Thread 3 ] DEBUG Engine               - class com.almasb.fxgl.cutscene.CutsceneService
03:33:52.240 [FXGL Background Thread 3 ] DEBUG Engine               - class com.almasb.fxgl.minigames.MiniGameService
03:33:52.240 [FXGL Background Thread 3 ] DEBUG Engine               - class com.almasb.fxgl.net.NetService
03:33:52.240 [FXGL Background Thread 3 ] DEBUG Engine               - class com.almasb.fxgl.app.services.UpdaterService
03:33:52.240 [FXGL Background Thread 3 ] DEBUG Engine               - class com.almasb.fxgl.dev.DevService
03:33:59.305 [JavaFX Application Thread] DEBUG FXGLApplication      - Exiting FXGL
03:33:59.305 [JavaFX Application Thread] DEBUG LoopRunner           - Stopping loop
03:33:59.305 [JavaFX Application Thread] DEBUG SystemBundleService  - Saving FXGL system data
03:33:59.308 [JavaFX Application Thread] DEBUG FileSystemAccess     - Writing to: D:\javis\Documents\GitHub\Data-Structre-Final-Project\system\fxgl.bundle
03:33:59.310 [JavaFX Application Thread] DEBUG Async                - Shutting down background threads
03:33:59.310 [JavaFX Application Thread] DEBUG PrimaryStageWindow   - Closing main window
03:33:59.329 [JavaFX Application Thread] DEBUG Logger               - Closing Logger
